TN:
SF:src\Controllers\usuariosControlador.js
FN:5,crearUsuarios
FN:35,loginUsuarios
FNF:2
FNH:2
FNDA:1,crearUsuarios
FNDA:1,loginUsuarios
DA:1,1
DA:2,1
DA:3,1
DA:6,1
DA:8,1
DA:11,1
DA:12,1
DA:13,1
DA:14,1
DA:16,1
DA:17,1
DA:18,1
DA:19,1
DA:20,1
DA:21,1
DA:26,0
DA:27,0
DA:28,0
DA:29,0
DA:36,1
DA:37,1
DA:38,0
DA:39,0
DA:40,0
DA:45,1
DA:46,1
DA:47,1
DA:48,1
DA:49,1
DA:50,1
DA:51,1
DA:55,0
DA:56,0
DA:57,0
DA:63,0
DA:64,0
DA:65,0
DA:66,0
DA:72,1
LF:39
LH:25
BRDA:17,0,0,1
BRDA:17,0,1,0
BRDA:37,1,0,0
BRDA:37,1,1,1
BRDA:37,2,0,1
BRDA:37,2,1,1
BRDA:47,3,0,1
BRDA:47,3,1,0
BRDA:48,4,0,1
BRDA:48,4,1,0
BRF:10
BRH:6
end_of_record
TN:
SF:src\Utils\response.js
FNF:0
FNH:0
DA:1,1
LF:1
LH:1
BRF:0
BRH:0
end_of_record
TN:
SF:src\models\UsuariosModelo.js
FNF:0
FNH:0
DA:1,1
DA:2,1
DA:4,1
DA:10,1
LF:4
LH:4
BRF:0
BRH:0
end_of_record
TN:
SF:src\repository\usuariosRepositorio.js
FN:4,(anonymous_0)
FN:12,(anonymous_1)
FNF:2
FNH:1
FNDA:0,(anonymous_0)
FNDA:1,(anonymous_1)
DA:1,1
DA:2,1
DA:4,1
DA:5,0
DA:6,0
DA:8,0
DA:12,1
DA:13,1
DA:14,1
DA:16,0
LF:10
LH:6
BRF:0
BRH:0
end_of_record
TN:
SF:src\utils\response.js
FNF:0
FNH:0
DA:1,1
LF:1
LH:1
BRF:0
BRH:0
end_of_record
